2025-01-16 16:46:03 INFO log.py:21: Yasb v1.5.4
2025-01-16 16:46:03 DEBUG win32.py:58: Looking up time zone info from registry
2025-01-16 16:46:04 INFO weather.py:340: Fetched new weather data at 2025-01-16 16:46:04.340993
2025-01-16 16:46:04 DEBUG __init__.py:140: CoInitializeEx(None, 2)
2025-01-16 16:46:04 INFO app_bar.py:103: Bar Created on Screen: \\.\DISPLAY1 [Bar Height: 36px, DPI Scale: 1.0, Scale Screen: True, Screen Geometry: X: 0, Y: 0, Screen Width: 3440, Screen Height: 1440]
2025-01-16 16:46:05 INFO event_listener.py:52: Created named pipe yasb-6edbe0a6-d46c-11ef-92a5-000d3afbcddd
2025-01-16 16:46:05 INFO event_listener.py:106: Waiting for Komorebi to subscribe to named pipe yasb-6edbe0a6-d46c-11ef-92a5-000d3afbcddd
2025-01-16 16:46:05 INFO watcher.py:39: Created file watcher for path C:\Users\asharaf\.config\yasb
2025-01-16 16:46:05 DEBUG _windows.py:213: Starting (proactor: <_IocpProactor overlapped#=0 result#=0>)...
2025-01-16 16:46:05 DEBUG _windows.py:192: Thread started
2025-01-16 16:46:05 WARNING event_listener.py:111: Komorebi failed to subscribe named pipe. Waiting for subscription...
2025-01-16 16:54:04 INFO log.py:21: Yasb v1.5.4
2025-01-16 16:54:04 INFO weather.py:340: Fetched new weather data at 2025-01-16 16:54:04.519656
2025-01-16 16:54:04 DEBUG __init__.py:140: CoInitializeEx(None, 2)
2025-01-16 16:54:04 DEBUG win32.py:58: Looking up time zone info from registry
2025-01-16 16:54:04 INFO app_bar.py:103: Bar Created on Screen: \\.\DISPLAY1 [Bar Height: 46px, DPI Scale: 1.0, Scale Screen: True, Screen Geometry: X: 0, Y: 0, Screen Width: 3440, Screen Height: 1440]
2025-01-16 16:54:05 INFO event_listener.py:52: Created named pipe yasb-8d229de1-d46d-11ef-b9a9-000d3afbcddd
2025-01-16 16:54:05 INFO event_listener.py:106: Waiting for Komorebi to subscribe to named pipe yasb-8d229de1-d46d-11ef-b9a9-000d3afbcddd
2025-01-16 16:54:05 INFO watcher.py:39: Created file watcher for path C:\Users\asharaf\.config\yasb
2025-01-16 16:54:05 DEBUG _windows.py:213: Starting (proactor: <_IocpProactor overlapped#=0 result#=0>)...
2025-01-16 16:54:05 DEBUG _windows.py:192: Thread started
2025-01-16 16:54:05 WARNING event_listener.py:111: Komorebi failed to subscribe named pipe. Waiting for subscription...
2025-01-16 16:54:26 INFO event_listener.py:118: Komorebi connected to named pipe: yasb-8d229de1-d46d-11ef-b9a9-000d3afbcddd
2025-01-16 16:55:37 WARNING event_listener.py:83: Pipe has been ended: (109, 'PeekNamedPipe', 'The pipe has been ended.')
2025-01-16 16:55:37 INFO event_listener.py:93: Attempting to reconnect...
2025-01-16 16:55:42 INFO event_listener.py:52: Created named pipe yasb-8d229de1-d46d-11ef-b9a9-000d3afbcddd
2025-01-16 16:55:42 INFO event_listener.py:106: Waiting for Komorebi to subscribe to named pipe yasb-8d229de1-d46d-11ef-b9a9-000d3afbcddd
2025-01-16 16:55:42 WARNING event_listener.py:111: Komorebi failed to subscribe named pipe. Waiting for subscription...
2025-01-16 16:55:53 INFO event_listener.py:118: Komorebi connected to named pipe: yasb-8d229de1-d46d-11ef-b9a9-000d3afbcddd
2025-01-16 16:55:57 WARNING event_listener.py:83: Pipe has been ended: (109, 'PeekNamedPipe', 'The pipe has been ended.')
2025-01-16 16:55:57 INFO event_listener.py:93: Attempting to reconnect...
2025-01-16 16:56:02 INFO event_listener.py:52: Created named pipe yasb-8d229de1-d46d-11ef-b9a9-000d3afbcddd
2025-01-16 16:56:02 INFO event_listener.py:106: Waiting for Komorebi to subscribe to named pipe yasb-8d229de1-d46d-11ef-b9a9-000d3afbcddd
2025-01-16 16:56:02 WARNING event_listener.py:111: Komorebi failed to subscribe named pipe. Waiting for subscription...
2025-01-16 17:03:04 INFO tray.py:209: Exiting Application from tray...
2025-01-16 17:03:04 DEBUG _windows.py:218: Stopping worker thread...
2025-01-16 17:03:04 DEBUG _windows.py:201: Exiting thread
2025-01-16 17:03:04 DEBUG _windows.py:75: Closing
2025-01-16 17:03:32 INFO log.py:21: Yasb v1.5.4
2025-01-16 17:03:32 INFO weather.py:340: Fetched new weather data at 2025-01-16 17:03:32.580048
2025-01-16 17:03:32 DEBUG __init__.py:140: CoInitializeEx(None, 2)
2025-01-16 17:03:32 DEBUG win32.py:58: Looking up time zone info from registry
2025-01-16 17:03:32 INFO app_bar.py:103: Bar Created on Screen: \\.\DISPLAY1 [Bar Height: 46px, DPI Scale: 1.0, Scale Screen: True, Screen Geometry: X: 0, Y: 0, Screen Width: 3440, Screen Height: 1440]
2025-01-16 17:03:33 INFO event_listener.py:52: Created named pipe yasb-df85744b-d46e-11ef-82f8-000d3afbcddd
2025-01-16 17:03:33 INFO event_listener.py:106: Waiting for Komorebi to subscribe to named pipe yasb-df85744b-d46e-11ef-82f8-000d3afbcddd
2025-01-16 17:03:33 INFO watcher.py:39: Created file watcher for path C:\Users\asharaf\.config\yasb
2025-01-16 17:03:33 DEBUG _windows.py:213: Starting (proactor: <_IocpProactor overlapped#=0 result#=0>)...
2025-01-16 17:03:33 DEBUG _windows.py:192: Thread started
2025-01-16 17:03:33 WARNING event_listener.py:111: Komorebi failed to subscribe named pipe. Waiting for subscription...
2025-01-16 17:04:14 INFO event_listener.py:118: Komorebi connected to named pipe: yasb-df85744b-d46e-11ef-82f8-000d3afbcddd
2025-01-16 17:13:32 INFO weather.py:340: Fetched new weather data at 2025-01-16 17:13:32.615117
2025-01-16 17:18:23 INFO tray.py:209: Exiting Application from tray...
2025-01-16 17:18:23 DEBUG _windows.py:218: Stopping worker thread...
2025-01-16 17:18:23 DEBUG _windows.py:201: Exiting thread
2025-01-16 17:18:23 DEBUG _windows.py:75: Closing
2025-01-16 17:22:57 INFO log.py:21: Yasb v1.5.4
2025-01-16 17:22:57 INFO weather.py:340: Fetched new weather data at 2025-01-16 17:22:57.801448
2025-01-16 17:22:57 DEBUG __init__.py:140: CoInitializeEx(None, 2)
2025-01-16 17:22:57 DEBUG win32.py:58: Looking up time zone info from registry
2025-01-16 17:22:58 INFO app_bar.py:103: Bar Created on Screen: \\.\DISPLAY1 [Bar Height: 46px, DPI Scale: 1.0, Scale Screen: True, Screen Geometry: X: 0, Y: 0, Screen Width: 3440, Screen Height: 1440]
2025-01-16 17:22:58 INFO event_listener.py:52: Created named pipe yasb-9611f8fb-d471-11ef-aeaf-000d3afbcddd
2025-01-16 17:22:58 INFO event_listener.py:106: Waiting for Komorebi to subscribe to named pipe yasb-9611f8fb-d471-11ef-aeaf-000d3afbcddd
2025-01-16 17:22:58 INFO watcher.py:39: Created file watcher for path C:\Users\asharaf\.config\yasb
2025-01-16 17:22:58 DEBUG _windows.py:213: Starting (proactor: <_IocpProactor overlapped#=0 result#=0>)...
2025-01-16 17:22:58 DEBUG _windows.py:192: Thread started
2025-01-16 17:22:58 INFO event_listener.py:118: Komorebi connected to named pipe: yasb-9611f8fb-d471-11ef-aeaf-000d3afbcddd
2025-01-16 17:23:22 INFO log.py:21: Yasb v1.5.4
2025-01-16 17:23:22 INFO weather.py:340: Fetched new weather data at 2025-01-16 17:23:22.838686
2025-01-16 17:23:22 DEBUG __init__.py:140: CoInitializeEx(None, 2)
2025-01-16 17:23:22 DEBUG win32.py:58: Looking up time zone info from registry
2025-01-16 17:23:23 INFO app_bar.py:103: Bar Created on Screen: \\.\DISPLAY1 [Bar Height: 46px, DPI Scale: 1.0, Scale Screen: True, Screen Geometry: X: 0, Y: 0, Screen Width: 3440, Screen Height: 1440]
2025-01-16 17:23:23 INFO event_listener.py:52: Created named pipe yasb-a4f882e0-d471-11ef-ad15-000d3afbcddd
2025-01-16 17:23:23 INFO event_listener.py:106: Waiting for Komorebi to subscribe to named pipe yasb-a4f882e0-d471-11ef-ad15-000d3afbcddd
2025-01-16 17:23:23 INFO watcher.py:39: Created file watcher for path C:\Users\asharaf\.config\yasb
2025-01-16 17:23:23 DEBUG _windows.py:213: Starting (proactor: <_IocpProactor overlapped#=0 result#=0>)...
2025-01-16 17:23:23 DEBUG _windows.py:192: Thread started
2025-01-16 17:23:23 INFO event_listener.py:118: Komorebi connected to named pipe: yasb-a4f882e0-d471-11ef-ad15-000d3afbcddd
2025-01-16 17:23:46 INFO log.py:21: Yasb v1.5.4
2025-01-16 17:23:47 INFO weather.py:340: Fetched new weather data at 2025-01-16 17:23:47.081535
2025-01-16 17:23:47 DEBUG __init__.py:140: CoInitializeEx(None, 2)
2025-01-16 17:23:47 DEBUG win32.py:58: Looking up time zone info from registry
2025-01-16 17:23:47 INFO app_bar.py:103: Bar Created on Screen: \\.\DISPLAY1 [Bar Height: 46px, DPI Scale: 1.0, Scale Screen: True, Screen Geometry: X: 0, Y: 0, Screen Width: 3440, Screen Height: 1440]
2025-01-16 17:23:47 INFO event_listener.py:52: Created named pipe yasb-b371fdb9-d471-11ef-846c-000d3afbcddd
2025-01-16 17:23:47 INFO event_listener.py:106: Waiting for Komorebi to subscribe to named pipe yasb-b371fdb9-d471-11ef-846c-000d3afbcddd
2025-01-16 17:23:47 INFO watcher.py:39: Created file watcher for path C:\Users\asharaf\.config\yasb
2025-01-16 17:23:47 DEBUG _windows.py:213: Starting (proactor: <_IocpProactor overlapped#=0 result#=0>)...
2025-01-16 17:23:47 DEBUG _windows.py:192: Thread started
2025-01-16 17:23:48 INFO event_listener.py:118: Komorebi connected to named pipe: yasb-b371fdb9-d471-11ef-846c-000d3afbcddd
2025-01-16 17:23:54 INFO log.py:21: Yasb v1.5.4
2025-01-16 17:23:55 INFO weather.py:340: Fetched new weather data at 2025-01-16 17:23:55.224090
2025-01-16 17:23:55 DEBUG __init__.py:140: CoInitializeEx(None, 2)
2025-01-16 17:23:55 DEBUG win32.py:58: Looking up time zone info from registry
2025-01-16 17:23:55 INFO app_bar.py:103: Bar Created on Screen: \\.\DISPLAY1 [Bar Height: 46px, DPI Scale: 1.0, Scale Screen: True, Screen Geometry: X: 0, Y: 0, Screen Width: 3440, Screen Height: 1440]
2025-01-16 17:23:56 INFO event_listener.py:52: Created named pipe yasb-b84695e9-d471-11ef-93d4-000d3afbcddd
2025-01-16 17:23:56 INFO event_listener.py:106: Waiting for Komorebi to subscribe to named pipe yasb-b84695e9-d471-11ef-93d4-000d3afbcddd
2025-01-16 17:23:56 INFO watcher.py:39: Created file watcher for path C:\Users\asharaf\.config\yasb
2025-01-16 17:23:56 DEBUG _windows.py:213: Starting (proactor: <_IocpProactor overlapped#=0 result#=0>)...
2025-01-16 17:23:56 DEBUG _windows.py:192: Thread started
2025-01-16 17:23:56 INFO event_listener.py:118: Komorebi connected to named pipe: yasb-b84695e9-d471-11ef-93d4-000d3afbcddd
2025-01-16 17:24:17 INFO log.py:21: Yasb v1.5.4
2025-01-16 17:24:18 INFO weather.py:340: Fetched new weather data at 2025-01-16 17:24:18.267573
2025-01-16 17:24:18 DEBUG __init__.py:140: CoInitializeEx(None, 2)
2025-01-16 17:24:18 DEBUG win32.py:58: Looking up time zone info from registry
2025-01-16 17:24:18 INFO app_bar.py:103: Bar Created on Screen: \\.\DISPLAY1 [Bar Height: 56px, DPI Scale: 1.0, Scale Screen: True, Screen Geometry: X: 0, Y: 0, Screen Width: 3440, Screen Height: 1440]
2025-01-16 17:24:19 INFO event_listener.py:52: Created named pipe yasb-c6430a93-d471-11ef-b852-000d3afbcddd
2025-01-16 17:24:19 INFO event_listener.py:106: Waiting for Komorebi to subscribe to named pipe yasb-c6430a93-d471-11ef-b852-000d3afbcddd
2025-01-16 17:24:19 INFO watcher.py:39: Created file watcher for path C:\Users\asharaf\.config\yasb
2025-01-16 17:24:19 DEBUG _windows.py:213: Starting (proactor: <_IocpProactor overlapped#=0 result#=0>)...
2025-01-16 17:24:19 DEBUG _windows.py:192: Thread started
2025-01-16 17:24:19 INFO event_listener.py:118: Komorebi connected to named pipe: yasb-c6430a93-d471-11ef-b852-000d3afbcddd
2025-01-16 17:24:28 INFO log.py:21: Yasb v1.5.4
2025-01-16 17:24:28 INFO weather.py:340: Fetched new weather data at 2025-01-16 17:24:28.547259
2025-01-16 17:24:28 DEBUG __init__.py:140: CoInitializeEx(None, 2)
2025-01-16 17:24:28 DEBUG win32.py:58: Looking up time zone info from registry
2025-01-16 17:24:28 INFO app_bar.py:103: Bar Created on Screen: \\.\DISPLAY1 [Bar Height: 46px, DPI Scale: 1.0, Scale Screen: True, Screen Geometry: X: 0, Y: 0, Screen Width: 3440, Screen Height: 1440]
2025-01-16 17:24:29 INFO event_listener.py:52: Created named pipe yasb-cc545623-d471-11ef-a6f6-000d3afbcddd
2025-01-16 17:24:29 INFO event_listener.py:106: Waiting for Komorebi to subscribe to named pipe yasb-cc545623-d471-11ef-a6f6-000d3afbcddd
2025-01-16 17:24:29 INFO watcher.py:39: Created file watcher for path C:\Users\asharaf\.config\yasb
2025-01-16 17:24:29 DEBUG _windows.py:213: Starting (proactor: <_IocpProactor overlapped#=0 result#=0>)...
2025-01-16 17:24:29 DEBUG _windows.py:192: Thread started
2025-01-16 17:24:29 INFO event_listener.py:118: Komorebi connected to named pipe: yasb-cc545623-d471-11ef-a6f6-000d3afbcddd
2025-01-16 17:25:12 INFO log.py:21: Yasb v1.5.4
2025-01-16 17:25:12 INFO weather.py:340: Fetched new weather data at 2025-01-16 17:25:12.592072
2025-01-16 17:25:12 DEBUG __init__.py:140: CoInitializeEx(None, 2)
2025-01-16 17:25:12 DEBUG win32.py:58: Looking up time zone info from registry
2025-01-16 17:25:12 INFO app_bar.py:103: Bar Created on Screen: \\.\DISPLAY1 [Bar Height: 34px, DPI Scale: 1.0, Scale Screen: True, Screen Geometry: X: 0, Y: 0, Screen Width: 3440, Screen Height: 1440]
2025-01-16 17:25:13 INFO event_listener.py:52: Created named pipe yasb-e6693369-d471-11ef-9caf-000d3afbcddd
2025-01-16 17:25:13 INFO event_listener.py:106: Waiting for Komorebi to subscribe to named pipe yasb-e6693369-d471-11ef-9caf-000d3afbcddd
2025-01-16 17:25:13 INFO watcher.py:39: Created file watcher for path C:\Users\asharaf\.config\yasb
2025-01-16 17:25:13 DEBUG _windows.py:213: Starting (proactor: <_IocpProactor overlapped#=0 result#=0>)...
2025-01-16 17:25:13 DEBUG _windows.py:192: Thread started
2025-01-16 17:25:13 INFO event_listener.py:118: Komorebi connected to named pipe: yasb-e6693369-d471-11ef-9caf-000d3afbcddd
